<?xml version="1.0" encoding="UTF-8"?>
<testng-results skipped="0" failed="0" total="1" passed="1">
  <reporter-output>
  </reporter-output>
  <suite name="appium实战-Android篇" duration-ms="175950" started-at="2018-03-29T13:12:19Z" finished-at="2018-03-29T13:15:15Z">
    <groups>
    </groups>
    <test name="搜索" duration-ms="175950" started-at="2018-03-29T13:12:19Z" finished-at="2018-03-29T13:15:15Z">
      <class name="com.xiaolanyun.appium.DataTest.testCase.search.SearchPage_001_SearchDemo_Test">
        <test-method status="PASS" signature="initTest(org.testng.ITestContext)[pri:0, instance:com.xiaolanyun.appium.DataTest.testCase.search.SearchPage_001_SearchDemo_Test@cb644e]" name="initTest" is-config="true" duration-ms="154457" started-at="2018-03-29T21:12:19Z" finished-at="2018-03-29T21:14:54Z">
          <params>
            <param index="0">
              <value>
                <![CDATA[org.testng.TestRunner@61f8bee4]]>
              </value>
            </param>
          </params>
          <reporter-output>
          </reporter-output>
        </test-method> <!-- initTest -->
        <test-method status="PASS" signature="searchDemo(java.util.Map)[pri:0, instance:com.xiaolanyun.appium.DataTest.testCase.search.SearchPage_001_SearchDemo_Test@cb644e]" name="searchDemo" duration-ms="19654" started-at="2018-03-29T21:14:54Z" data-provider="testData" finished-at="2018-03-29T21:15:14Z">
          <params>
            <param index="0">
              <value>
                <![CDATA[{KEYWORD=Java}]]>
              </value>
            </param>
          </params>
          <reporter-output>
          </reporter-output>
        </test-method> <!-- searchDemo -->
        <test-method status="PASS" signature="clenTest()[pri:0, instance:com.xiaolanyun.appium.DataTest.testCase.search.SearchPage_001_SearchDemo_Test@cb644e]" name="clenTest" is-config="true" duration-ms="1438" started-at="2018-03-29T21:15:14Z" finished-at="2018-03-29T21:15:15Z">
          <reporter-output>
          </reporter-output>
        </test-method> <!-- clenTest -->
      </class> <!-- com.xiaolanyun.appium.DataTest.testCase.search.SearchPage_001_SearchDemo_Test -->
    </test> <!-- 搜索 -->
  </suite> <!-- appium实战-Android篇 -->
</testng-results>
