<?xml version="1.0" encoding="UTF-8"?>
<!-- Generated by org.testng.reporters.JUnitXMLReporter -->
<testsuite hostname="DESKTOP-H6R9LGB" name="搜索" tests="1" failures="1" timestamp="25 Mar 2018 02:33:47 GMT" time="81.429" errors="0">
  <testcase name="searchDemo" time="18.274" classname="com.xiaolanyun.appium.DataTest.testCase.search.SearchPage_001_SearchDemo_Test">
    <failure type="org.openqa.selenium.NoSuchElementException" message="An element could not be located on the page using the given search parameters. (WARNING: The server did not provide any stacktrace information)
Command duration or timeout: 15.25 seconds
For documentation on this error, please visit: http://seleniumhq.org/exceptions/no_such_element.html
Build info: version: &amp;apos;2.53.0&amp;apos;, revision: &amp;apos;35ae25b1534ae328c771e0856c93e187490ca824&amp;apos;, time: &amp;apos;2016-03-15 10:43:46&amp;apos;
System info: host: &amp;apos;DESKTOP-H6R9LGB&amp;apos;, ip: &amp;apos;66.183.249.128&amp;apos;, os.name: &amp;apos;Windows 10&amp;apos;, os.arch: &amp;apos;amd64&amp;apos;, os.version: &amp;apos;10.0&amp;apos;, java.version: &amp;apos;1.8.0_131&amp;apos;
Driver info: io.appium.java_client.android.AndroidDriver
Capabilities [{app=F:\javaworkspace\DataTest\res\app\android\bing.apk, appPackage=com.microsoft.bing, networkConnectionEnabled=true, warnings={}, databaseEnabled=false, deviceName=63a7b810, platform=LINUX, appActivity=com.microsoft.clients.bing.app.MainActivity, desired={app=F:\javaworkspace\DataTest\res\app\android\bing.apk, appPackage=com.microsoft.bing, appActivity=com.microsoft.clients.bing.app.MainActivity, platformVersion=6.0.1, automationName=Appium, sessionOverride=true, unicodeKeyboard=true, platformName=Android, deviceName=63a7b810, resetKeyboard=true}, platformVersion=6.0.1, webStorageEnabled=false, locationContextEnabled=false, automationName=Appium, browserName=Android, takesScreenshot=true, javascriptEnabled=true, sessionOverride=true, unicodeKeyboard=true, platformName=Android, resetKeyboard=true}]
Session ID: 2c5a13ca-dc6b-43de-82c9-2eb1b718ee08
*** Element info: {Using=id, value=android:id/button2}">
      <![CDATA[org.openqa.selenium.NoSuchElementException: An element could not be located on the page using the given search parameters. (WARNING: The server did not provide any stacktrace information)
Command duration or timeout: 15.25 seconds
For documentation on this error, please visit: http://seleniumhq.org/exceptions/no_such_element.html
Build info: version: '2.53.0', revision: '35ae25b1534ae328c771e0856c93e187490ca824', time: '2016-03-15 10:43:46'
System info: host: 'DESKTOP-H6R9LGB', ip: '66.183.249.128', os.name: 'Windows 10', os.arch: 'amd64', os.version: '10.0', java.version: '1.8.0_131'
Driver info: io.appium.java_client.android.AndroidDriver
Capabilities [{app=F:\javaworkspace\DataTest\res\app\android\bing.apk, appPackage=com.microsoft.bing, networkConnectionEnabled=true, warnings={}, databaseEnabled=false, deviceName=63a7b810, platform=LINUX, appActivity=com.microsoft.clients.bing.app.MainActivity, desired={app=F:\javaworkspace\DataTest\res\app\android\bing.apk, appPackage=com.microsoft.bing, appActivity=com.microsoft.clients.bing.app.MainActivity, platformVersion=6.0.1, automationName=Appium, sessionOverride=true, unicodeKeyboard=true, platformName=Android, deviceName=63a7b810, resetKeyboard=true}, platformVersion=6.0.1, webStorageEnabled=false, locationContextEnabled=false, automationName=Appium, browserName=Android, takesScreenshot=true, javascriptEnabled=true, sessionOverride=true, unicodeKeyboard=true, platformName=Android, resetKeyboard=true}]
Session ID: 2c5a13ca-dc6b-43de-82c9-2eb1b718ee08
*** Element info: {Using=id, value=android:id/button2}
	at org.openqa.selenium.remote.ErrorHandler.createThrowable(ErrorHandler.java:206)
	at org.openqa.selenium.remote.ErrorHandler.throwIfResponseFailed(ErrorHandler.java:158)
	at org.openqa.selenium.remote.RemoteWebDriver.execute(RemoteWebDriver.java:678)
	at io.appium.java_client.DefaultGenericMobileDriver.execute(DefaultGenericMobileDriver.java:42)
	at io.appium.java_client.AppiumDriver.execute(AppiumDriver.java:1)
	at io.appium.java_client.android.AndroidDriver.execute(AndroidDriver.java:1)
	at org.openqa.selenium.remote.RemoteWebDriver.findElement(RemoteWebDriver.java:363)
	at org.openqa.selenium.remote.RemoteWebDriver.findElementById(RemoteWebDriver.java:413)
	at io.appium.java_client.DefaultGenericMobileDriver.findElementById(DefaultGenericMobileDriver.java:62)
	at io.appium.java_client.AppiumDriver.findElementById(AppiumDriver.java:1)
	at io.appium.java_client.android.AndroidDriver.findElementById(AndroidDriver.java:1)
	at org.openqa.selenium.By$ById.findElement(By.java:218)
	at org.openqa.selenium.remote.RemoteWebDriver.findElement(RemoteWebDriver.java:355)
	at io.appium.java_client.DefaultGenericMobileDriver.findElement(DefaultGenericMobileDriver.java:52)
	at io.appium.java_client.AppiumDriver.findElement(AppiumDriver.java:1)
	at io.appium.java_client.android.AndroidDriver.findElement(AndroidDriver.java:1)
	at com.xiaolanyun.appium.DataTest.utils.AppiumUtil.findElement(AppiumUtil.java:92)
	at com.xiaolanyun.appium.DataTest.utils.AppiumUtil.doesElementsExist(AppiumUtil.java:435)
	at com.xiaolanyun.appium.DataTest.pagesHelper.InitPageHelper.clickIfButtonExist(InitPageHelper.java:29)
	at com.xiaolanyun.appium.DataTest.pagesHelper.InitPageHelper.handleInit(InitPageHelper.java:46)
	at com.xiaolanyun.appium.DataTest.testCase.search.SearchPage_001_SearchDemo_Test.searchDemo(SearchPage_001_SearchDemo_Test.java:22)
	at java.util.concurrent.FutureTask.run(FutureTask.java:266)
	at java.util.concurrent.ThreadPoolExecutor.runWorker(ThreadPoolExecutor.java:1142)
	at java.util.concurrent.ThreadPoolExecutor$Worker.run(ThreadPoolExecutor.java:617)
	at java.lang.Thread.run(Thread.java:748)
... Removed 20 stack frames]]>
    </failure>
  </testcase> <!-- searchDemo -->
</testsuite> <!-- 搜索 -->
